11/06/2022 11:34:10 INICIANDO...
11/06/2022 11:34:10 2.9.0.1
11/06/2022 11:34:10 Usuário: Pmarcos(Administrador)
11/06/2022 11:34:10 Versão do Sistema Operacional: 6.2.9200
11/06/2022 11:34:10 64 Bits: true
11/06/2022 11:34:10   ( 0.7 )
11/06/2022 11:34:10 UAC: Ativado
11/06/2022 11:34:10 Verificando se Mozilla Firefox está instalado...
11/06/2022 11:34:10 Mozilla Firefox não instalado.
11/06/2022 11:34:10 [1: Ajustando ambiente] Verificando...
11/06/2022 11:34:10 [1: Ajustando ambiente] Corrigindo TLS.
11/06/2022 11:34:10 [1: Ajustando ambiente] Ok.
11/06/2022 11:34:10 [2: Ajustes iniciais] Verificando...
11/06/2022 11:34:10 [2: Ajustes iniciais] Ok.
11/06/2022 11:34:10 [3: Instalação dos certificados raíz] Verificando...
11/06/2022 11:34:10 [3: Instalação dos certificados raíz] Efetuando download do instalador...
11/06/2022 11:34:12 [3: Instalação dos certificados raíz] Instalando...
11/06/2022 11:34:12 [3: Instalação dos certificados raíz] Ok.
11/06/2022 11:34:12 [5: Ajustes adicionais] Verificando...
11/06/2022 11:34:13 [5: Ajustes adicionais] Limpando...
11/06/2022 11:34:13 [5: Ajustes adicionais] Ok.
11/06/2022 11:34:13 [7: Instalando módulo de segurança] Verificando...
11/06/2022 11:34:13 [7: Instalando módulo de segurança] Efetuando download do instalador...
11/06/2022 11:34:21 [7: Instalando módulo de segurança] Instalando...
11/06/2022 11:34:41 [7: Instalando módulo de segurança] Ok.
11/06/2022 11:34:41 [9: Finalizando a instalação] Verificando...
11/06/2022 11:34:41 [9: Finalizando a instalação] Ok.
11/06/2022 11:34:41 [10: Validando a instalação] Verificando...
11/06/2022 11:34:55 [10: Validando a instalação] Instalando...
11/06/2022 11:35:01 [10: Validando a instalação] Ok.
11/06/2022 11:35:01 [12: Ajustando ambiente] Verificando...
11/06/2022 11:35:01 [12: Ajustando ambiente] Ok.
11/06/2022 11:35:01 [13: Ajustando ambiente] Verificando...
11/06/2022 11:35:01 [13: Ajustando ambiente] Ok.
11/06/2022 11:35:01 [14: Concluindo ajustes] Verificando...
11/06/2022 11:35:13 [14: Concluindo ajustes] CONCLUÍDO.
11/06/2022 11:35:13 CONCLUÍDO.
